<?xml version="1.0" encoding="UTF-8"?>
<testsuite xmlns:xsi="http://www.w3.org/2001/XMLSchema-instance" xsi:noNamespaceSchemaLocation="https://maven.apache.org/surefire/maven-surefire-plugin/xsd/surefire-test-report.xsd" version="3.0.2" name="dev.godspear.model.SpearStageTest" time="0.07" tests="3" errors="0" skipped="0" failures="0">
  <properties>
[...]
</properties>
  <testcase name="progressesExactlyOneStage" classname="dev.godspear.model.SpearStageTest" time="0.031"/>
  <testcase name="acceptsDocumentedNames" classname="dev.godspear.model.SpearStageTest" time="0.006"/>
  <testcase name="godNeverEvolvesFurther" classname="dev.godspear.model.SpearStageTest" time="0.001"/>
</testsuite>